<?xml version="1.0" encoding="UTF-8"?>
<testng-results ignored="0" total="1" passed="1" failed="0" skipped="0">
  <reporter-output>
  </reporter-output>
  <suite started-at="2022-06-26T17:02:21 IST" name="Default suite" finished-at="2022-06-26T17:02:46 IST" duration-ms="25222">
    <groups>
    </groups>
    <test started-at="2022-06-26T17:02:21 IST" name="Default test" finished-at="2022-06-26T17:02:46 IST" duration-ms="25222">
      <class name="testpackage.TestActiTimeValidLogin">
        <test-method is-config="true" signature="setUp()[pri:0, instance:testpackage.TestActiTimeValidLogin@c333c60]" started-at="2022-06-26T17:02:21 IST" name="setUp" finished-at="2022-06-26T17:02:41 IST" duration-ms="19899" status="PASS">
          <reporter-output>
          </reporter-output>
        </test-method> <!-- setUp -->
        <test-method signature="actiTimeValidLogin()[pri:0, instance:testpackage.TestActiTimeValidLogin@c333c60]" started-at="2022-06-26T17:02:41 IST" name="actiTimeValidLogin" finished-at="2022-06-26T17:02:43 IST" duration-ms="2730" status="PASS">
          <reporter-output>
          </reporter-output>
        </test-method> <!-- actiTimeValidLogin -->
        <test-method is-config="true" signature="tearDown()[pri:0, instance:testpackage.TestActiTimeValidLogin@c333c60]" started-at="2022-06-26T17:02:43 IST" name="tearDown" finished-at="2022-06-26T17:02:46 IST" duration-ms="2542" status="PASS">
          <reporter-output>
          </reporter-output>
        </test-method> <!-- tearDown -->
      </class> <!-- testpackage.TestActiTimeValidLogin -->
    </test> <!-- Default test -->
  </suite> <!-- Default suite -->
</testng-results>
